<?xml version="1.0" encoding="UTF-8"?>
<!-- Generated by org.testng.reporters.JUnitReportReporter -->
<testsuite hostname="DESKTOP-RK5JC2G" failures="0" tests="7" name="testg.TestMethodParallel" time="0.077" errors="0" timestamp="28 Apr 2023 03:28:18 GMT" skipped="0">
  <testcase classname="testg.TestMethodParallel" name="test4" time="0.011"/>
  <testcase classname="testg.TestMethodParallel" name="test7" time="0.011"/>
  <testcase classname="testg.TestMethodParallel" name="test5" time="0.011"/>
  <testcase classname="testg.TestMethodParallel" name="test1" time="0.011"/>
  <testcase classname="testg.TestMethodParallel" name="test6" time="0.011"/>
  <testcase classname="testg.TestMethodParallel" name="test2" time="0.011"/>
  <testcase classname="testg.TestMethodParallel" name="test3" time="0.011"/>
</testsuite> <!-- testg.TestMethodParallel -->
