<?xml version="1.0" encoding="UTF-8"?>
<!-- Generated by org.testng.reporters.JUnitReportReporter -->
<testsuite hostname="DESKTOP-RK5JC2G" failures="0" tests="1" name="testg.LinkTesting1" time="2.915" errors="0" timestamp="28 Apr 2023 03:55:02 GMT" skipped="0">
  <testcase classname="testg.LinkTesting1" name="linktesting1" time="2.915"/>
</testsuite> <!-- testg.LinkTesting1 -->
