<?xml version="1.0" encoding="UTF-8"?>
<!-- Generated by org.testng.reporters.JUnitReportReporter -->
<testsuite hostname="DESKTOP-RK5JC2G" failures="0" tests="3" name="testg.Tng_001" time="0.004" errors="0" timestamp="25 Apr 2023 05:04:20 GMT" skipped="1">
  <testcase classname="testg.Tng_001" name="f" time="0.001"/>
  <testcase classname="testg.Tng_001" name="a" time="0.003"/>
  <testcase classname="testg.Tng_001" name="z">
    <skipped/>
  </testcase> <!-- z -->
</testsuite> <!-- testg.Tng_001 -->
