<?xml version="1.0" encoding="UTF-8"?>
<!-- Generated by org.testng.reporters.JUnitReportReporter -->
<testsuite hostname="DESKTOP-RK5JC2G" failures="0" tests="3" name="ExcelDataDriven.DataManagementWithDataProvider" time="0.008" errors="0" timestamp="01 May 2023 03:29:08 GMT" skipped="0">
  <testcase classname="ExcelDataDriven.DataManagementWithDataProvider" name="f" time="0.001"/>
  <testcase classname="ExcelDataDriven.DataManagementWithDataProvider" name="f" time="0.001"/>
  <testcase classname="ExcelDataDriven.DataManagementWithDataProvider" name="f" time="0.006"/>
</testsuite> <!-- ExcelDataDriven.DataManagementWithDataProvider -->
