<?xml version="1.0" encoding="UTF-8"?>
<!-- Generated by org.testng.reporters.JUnitReportReporter -->
<testsuite hostname="DESKTOP-RK5JC2G" failures="0" tests="3" name="ExcelDataDriven.DataManagementWithHashTable" time="0.009" errors="0" timestamp="01 May 2023 03:29:27 GMT" skipped="0">
  <testcase classname="ExcelDataDriven.DataManagementWithHashTable" name="f" time="0.001"/>
  <testcase classname="ExcelDataDriven.DataManagementWithHashTable" name="f" time="0.007"/>
  <testcase classname="ExcelDataDriven.DataManagementWithHashTable" name="f" time="0.001"/>
</testsuite> <!-- ExcelDataDriven.DataManagementWithHashTable -->
