<?xml version="1.0" encoding="UTF-8"?>
<!-- Generated by org.testng.reporters.JUnitReportReporter -->
<testsuite hostname="DESKTOP-RK5JC2G" failures="0" tests="1" name="suiteB.TestB1" time="3.008" errors="0" timestamp="28 Apr 2023 03:10:42 GMT" skipped="0">
  <testcase classname="suiteB.TestB1" name="f" time="3.008"/>
</testsuite> <!-- suiteB.TestB1 -->
