<?xml version="1.0" encoding="UTF-8"?>
<!-- Generated by org.testng.reporters.JUnitReportReporter -->
<testsuite hostname="DESKTOP-RK5JC2G" failures="0" tests="1" name="testg.Sample" time="0.013" errors="0" timestamp="19 Apr 2023 16:48:05 GMT" skipped="0">
  <testcase classname="testg.Sample" name="f" time="0.013"/>
</testsuite> <!-- testg.Sample -->
