<?xml version="1.0" encoding="UTF-8"?>
<!-- Generated by org.testng.reporters.JUnitReportReporter -->
<testsuite hostname="DESKTOP-RK5JC2G" failures="0" tests="4" name="testg.TestDependancy" time="0.011" errors="0" timestamp="28 Apr 2023 04:17:21 GMT" skipped="2">
  <testcase classname="testg.TestDependancy" name="orange" time="0.009"/>
  <testcase classname="testg.TestDependancy" name="white" time="0.001"/>
  <testcase classname="testg.TestDependancy" name="blue" time="0.001">
    <skipped/>
  </testcase> <!-- blue -->
  <testcase classname="testg.TestDependancy" name="green" time="0.000">
    <skipped/>
  </testcase> <!-- green -->
</testsuite> <!-- testg.TestDependancy -->
